tp2q3
0
3141295
2015-10-27 21:37:51
initializing a[87] = { ... }
bs_insert_sort_cmp(a,...) made 0 comparisons
 [0]   660735163  1693805498  -775784501  1862369586  -714396313 -2010449681
 [6]  -703841844   699528275    26463246 -1960785431  -404516003 -1843434528
[12]  -730082809   637955869  1588477548   283494589  1312943447  1981804094
[18]  1108832624 -1503067601 -1448777421  1265529496 -1297079579  1262870455
[24] -1552333181   484471268   471627360  -150578614  -345783416  -885957430
[30] -1147770706   933023750  -318607186  1423363722  1931485127 -1906214115
[36]   936554104 -2101771565 -1940333959  -692826907  1771167751  -446954717
[42]   214446347  1630172422  -699419610   485506851  2028241921 -2137943838
[48]  1042653260    31442366  -789016752  1848259165    54966838  -639038204
[54]   455833039   164814357  -827717467  1179798371   944737262    41936298
[60]  1496456071  -146413635 -1245408006  1379475544  1373641098  1504818574
[66]  -465861572  1900493254 -1426478310  1795974090  -447811104 -1689329588
[72]  1542454812  -523502749 -1884277411  1580988942 -1087436163 -1642908254
[78] -1729223297   595181790  -292556426   141340625  -474193382 -2052051165
[84]    71642630    68294380   271280290
